# JRE version: Java(TM) SE Runtime Environment (8.0_191-b12) (build 1.8.0_191-b12)
# Java VM: Java HotSpot(TM) 64-Bit Server VM (25.191-b12 mixed mode bsd-amd64 compressed oops)
Heap:
 PSYoungGen      total 404480K, used 369257K [0x000000076ab00000, 0x0000000786780000, 0x00000007c0000000)
  eden space 394240K, 91% used [0x000000076ab00000,0x00000007809a2fd8,0x0000000782c00000)
  from space 10240K, 99% used [0x0000000784700000,0x00000007850f7770,0x0000000785100000)
  to   space 20992K, 0% used [0x0000000785300000,0x0000000785300000,0x0000000786780000)
 ParOldGen       total 306688K, used 53491K [0x00000006c0000000, 0x00000006d2b80000, 0x000000076ab00000)
  object space 306688K, 17% used [0x00000006c0000000,0x00000006c343cfb8,0x00000006d2b80000)
 Metaspace       used 99398K, capacity 100771K, committed 100904K, reserved 1138688K
  class space    used 12259K, capacity 12581K, committed 12584K, reserved 1048576K
GC Heap History (10 events):
Event: 44.595 GC heap before
{Heap before GC invocations=17 (full 3):
 PSYoungGen      total 346624K, used 346606K [0x000000076ab00000, 0x0000000784900000, 0x00000007c0000000)
  eden space 330752K, 100% used [0x000000076ab00000,0x000000077ee00000,0x000000077ee00000)
  from space 15872K, 99% used [0x000000077ee00000,0x000000077fd7ba48,0x000000077fd80000)
  to   space 19968K, 0% used [0x0000000783580000,0x0000000783580000,0x0000000784900000)
 ParOldGen       total 200192K, used 35744K [0x00000006c0000000, 0x00000006cc380000, 0x000000076ab00000)
  object space 200192K, 17% used [0x00000006c0000000,0x00000006c22e8038,0x00000006cc380000)
 Metaspace       used 81243K, capacity 82273K, committed 82456K, reserved 1122304K
  class space    used 9978K, capacity 10232K, committed 10264K, reserved 1048576K
Event: 44.626 GC heap after
Heap after GC invocations=17 (full 3):
 PSYoungGen      total 400896K, used 19951K [0x000000076ab00000, 0x0000000785000000, 0x00000007c0000000)
  eden space 380928K, 0% used [0x000000076ab00000,0x000000076ab00000,0x0000000781f00000)
  from space 19968K, 99% used [0x0000000783580000,0x00000007848fbf50,0x0000000784900000)
  to   space 23040K, 0% used [0x0000000781f00000,0x0000000781f00000,0x0000000783580000)
 ParOldGen       total 200192K, used 36439K [0x00000006c0000000, 0x00000006cc380000, 0x000000076ab00000)
  object space 200192K, 18% used [0x00000006c0000000,0x00000006c2395c68,0x00000006cc380000)
 Metaspace       used 81243K, capacity 82273K, committed 82456K, reserved 1122304K
  class space    used 9978K, capacity 10232K, committed 10264K, reserved 1048576K
}
Event: 148.788 GC heap before
{Heap before GC invocations=18 (full 3):
 PSYoungGen      total 400896K, used 400879K [0x000000076ab00000, 0x0000000785000000, 0x00000007c0000000)
  eden space 380928K, 100% used [0x000000076ab00000,0x0000000781f00000,0x0000000781f00000)
  from space 19968K, 99% used [0x0000000783580000,0x00000007848fbf50,0x0000000784900000)
  to   space 23040K, 0% used [0x0000000781f00000,0x0000000781f00000,0x0000000783580000)
 ParOldGen       total 200192K, used 36439K [0x00000006c0000000, 0x00000006cc380000, 0x000000076ab00000)
  object space 200192K, 18% used [0x00000006c0000000,0x00000006c2395c68,0x00000006cc380000)
 Metaspace       used 93785K, capacity 95015K, committed 95384K, reserved 1132544K
  class space    used 11874K, capacity 12145K, committed 12184K, reserved 1048576K
Event: 148.830 GC heap after
Heap after GC invocations=18 (full 3):
 PSYoungGen      total 403968K, used 14088K [0x000000076ab00000, 0x0000000787d80000, 0x00000007c0000000)
  eden space 380928K, 0% used [0x000000076ab00000,0x000000076ab00000,0x0000000781f00000)
  from space 23040K, 61% used [0x0000000781f00000,0x0000000782cc2218,0x0000000783580000)
  to   space 23040K, 0% used [0x0000000786700000,0x0000000786700000,0x0000000787d80000)
 ParOldGen       total 200192K, used 51017K [0x00000006c0000000, 0x00000006cc380000, 0x000000076ab00000)
  object space 200192K, 25% used [0x00000006c0000000,0x00000006c31d26b8,0x00000006cc380000)
 Metaspace       used 93785K, capacity 95015K, committed 95384K, reserved 1132544K
  class space    used 11874K, capacity 12145K, committed 12184K, reserved 1048576K
}
Event: 862.205 GC heap before
{Heap before GC invocations=19 (full 3):
 PSYoungGen      total 403968K, used 210054K [0x000000076ab00000, 0x0000000787d80000, 0x00000007c0000000)
  eden space 380928K, 51% used [0x000000076ab00000,0x0000000776a5f858,0x0000000781f00000)
  from space 23040K, 61% used [0x0000000781f00000,0x0000000782cc2218,0x0000000783580000)
  to   space 23040K, 0% used [0x0000000786700000,0x0000000786700000,0x0000000787d80000)
 ParOldGen       total 200192K, used 51017K [0x00000006c0000000, 0x00000006cc380000, 0x000000076ab00000)
  object space 200192K, 25% used [0x00000006c0000000,0x00000006c31d26b8,0x00000006cc380000)
 Metaspace       used 97296K, capacity 98585K, committed 98600K, reserved 1134592K
  class space    used 12251K, capacity 12570K, committed 12584K, reserved 1048576K
Event: 862.222 GC heap after
Heap after GC invocations=19 (full 3):
 PSYoungGen      total 379392K, used 11061K [0x000000076ab00000, 0x0000000787200000, 0x00000007c0000000)
  eden space 368128K, 0% used [0x000000076ab00000,0x000000076ab00000,0x0000000781280000)
  from space 11264K, 98% used [0x0000000786700000,0x00000007871cd6a8,0x0000000787200000)
  to   space 22016K, 0% used [0x0000000784700000,0x0000000784700000,0x0000000785c80000)
 ParOldGen       total 200192K, used 51033K [0x00000006c0000000, 0x00000006cc380000, 0x000000076ab00000)
  object space 200192K, 25% used [0x00000006c0000000,0x00000006c31d66d0,0x00000006cc380000)
 Metaspace       used 97296K, capacity 98585K, committed 98600K, reserved 1134592K
  class space    used 12251K, capacity 12570K, committed 12584K, reserved 1048576K
}
Event: 862.222 GC heap before
{Heap before GC invocations=20 (full 4):
 PSYoungGen      total 379392K, used 11061K [0x000000076ab00000, 0x0000000787200000, 0x00000007c0000000)
  eden space 368128K, 0% used [0x000000076ab00000,0x000000076ab00000,0x0000000781280000)
  from space 11264K, 98% used [0x0000000786700000,0x00000007871cd6a8,0x0000000787200000)
  to   space 22016K, 0% used [0x0000000784700000,0x0000000784700000,0x0000000785c80000)
 ParOldGen       total 200192K, used 51033K [0x00000006c0000000, 0x00000006cc380000, 0x000000076ab00000)
  object space 200192K, 25% used [0x00000006c0000000,0x00000006c31d66d0,0x00000006cc380000)
 Metaspace       used 97296K, capacity 98585K, committed 98600K, reserved 1134592K
  class space    used 12251K, capacity 12570K, committed 12584K, reserved 1048576K
Event: 862.380 GC heap after
Heap after GC invocations=20 (full 4):
 PSYoungGen      total 379392K, used 0K [0x000000076ab00000, 0x0000000787200000, 0x00000007c0000000)
  eden space 368128K, 0% used [0x000000076ab00000,0x000000076ab00000,0x0000000781280000)
  from space 11264K, 0% used [0x0000000786700000,0x0000000786700000,0x0000000787200000)
  to   space 22016K, 0% used [0x0000000784700000,0x0000000784700000,0x0000000785c80000)
 ParOldGen       total 306688K, used 53483K [0x00000006c0000000, 0x00000006d2b80000, 0x000000076ab00000)
  object space 306688K, 17% used [0x00000006c0000000,0x00000006c343afb8,0x00000006d2b80000)
 Metaspace       used 97245K, capacity 98467K, committed 98600K, reserved 1134592K
  class space    used 12236K, capacity 12543K, committed 12584K, reserved 1048576K
}
Event: 5329.187 GC heap before
{Heap before GC invocations=21 (full 4):
 PSYoungGen      total 379392K, used 368128K [0x000000076ab00000, 0x0000000787200000, 0x00000007c0000000)
  eden space 368128K, 100% used [0x000000076ab00000,0x0000000781280000,0x0000000781280000)
  from space 11264K, 0% used [0x0000000786700000,0x0000000786700000,0x0000000787200000)
  to   space 22016K, 0% used [0x0000000784700000,0x0000000784700000,0x0000000785c80000)
 ParOldGen       total 306688K, used 53483K [0x00000006c0000000, 0x00000006d2b80000, 0x000000076ab00000)
  object space 306688K, 17% used [0x00000006c0000000,0x00000006c343afb8,0x00000006d2b80000)
 Metaspace       used 98754K, capacity 100115K, committed 100136K, reserved 1136640K
  class space    used 12256K, capacity 12579K, committed 12584K, reserved 1048576K
Event: 5329.261 GC heap after
Heap after GC invocations=21 (full 4):
 PSYoungGen      total 404480K, used 10205K [0x000000076ab00000, 0x0000000786780000, 0x00000007c0000000)
  eden space 394240K, 0% used [0x000000076ab00000,0x000000076ab00000,0x0000000782c00000)
  from space 10240K, 99% used [0x0000000784700000,0x00000007850f7770,0x0000000785100000)
  to   space 20992K, 0% used [0x0000000785300000,0x0000000785300000,0x0000000786780000)
 ParOldGen       total 306688K, used 53491K [0x00000006c0000000, 0x00000006d2b80000, 0x000000076ab00000)
  object space 306688K, 17% used [0x00000006c0000000,0x00000006c343cfb8,0x00000006d2b80000)
 Metaspace       used 98754K, capacity 100115K, committed 100136K, reserved 1136640K
  class space    used 12256K, capacity 12579K, committed 12584K, reserved 1048576K
}

