# JRE version: Java(TM) SE Runtime Environment (8.0_191-b12) (build 1.8.0_191-b12)
# Java VM: Java HotSpot(TM) 64-Bit Server VM (25.191-b12 mixed mode bsd-amd64 compressed oops)
Heap:
 PSYoungGen      total 772096K, used 115729K [0x000000076ab00000, 0x00000007a5280000, 0x00000007c0000000)
  eden space 747008K, 12% used [0x000000076ab00000,0x0000000770719008,0x0000000798480000)
  from space 25088K, 85% used [0x0000000798480000,0x000000079996b510,0x0000000799d00000)
  to   space 27136K, 0% used [0x00000007a3800000,0x00000007a3800000,0x00000007a5280000)
 ParOldGen       total 180224K, used 34047K [0x00000006c0000000, 0x00000006cb000000, 0x000000076ab00000)
  object space 180224K, 18% used [0x00000006c0000000,0x00000006c213fe98,0x00000006cb000000)
 Metaspace       used 79489K, capacity 80755K, committed 81024K, reserved 1122304K
  class space    used 8767K, capacity 9037K, committed 9088K, reserved 1048576K
GC Heap History (10 events):
Event: 41.426 GC heap before
{Heap before GC invocations=8 (full 2):
 PSYoungGen      total 507904K, used 17378K [0x000000076ab00000, 0x000000078bd80000, 0x00000007c0000000)
  eden space 490496K, 0% used [0x000000076ab00000,0x000000076ab00000,0x0000000788a00000)
  from space 17408K, 99% used [0x000000078a100000,0x000000078b1f89c0,0x000000078b200000)
  to   space 23552K, 0% used [0x0000000788a00000,0x0000000788a00000,0x000000078a100000)
 ParOldGen       total 81920K, used 19466K [0x00000006c0000000, 0x00000006c5000000, 0x000000076ab00000)
  object space 81920K, 23% used [0x00000006c0000000,0x00000006c1302a30,0x00000006c5000000)
 Metaspace       used 34849K, capacity 35154K, committed 35496K, reserved 1081344K
  class space    used 3866K, capacity 3983K, committed 4096K, reserved 1048576K
Event: 41.545 GC heap after
Heap after GC invocations=8 (full 2):
 PSYoungGen      total 507904K, used 0K [0x000000076ab00000, 0x000000078bd80000, 0x00000007c0000000)
  eden space 490496K, 0% used [0x000000076ab00000,0x000000076ab00000,0x0000000788a00000)
  from space 17408K, 0% used [0x000000078a100000,0x000000078a100000,0x000000078b200000)
  to   space 23552K, 0% used [0x0000000788a00000,0x0000000788a00000,0x000000078a100000)
 ParOldGen       total 133120K, used 22940K [0x00000006c0000000, 0x00000006c8200000, 0x000000076ab00000)
  object space 133120K, 17% used [0x00000006c0000000,0x00000006c1667340,0x00000006c8200000)
 Metaspace       used 34849K, capacity 35154K, committed 35496K, reserved 1081344K
  class space    used 3866K, capacity 3983K, committed 4096K, reserved 1048576K
}
Event: 49.439 GC heap before
{Heap before GC invocations=9 (full 2):
 PSYoungGen      total 507904K, used 490496K [0x000000076ab00000, 0x000000078bd80000, 0x00000007c0000000)
  eden space 490496K, 100% used [0x000000076ab00000,0x0000000788a00000,0x0000000788a00000)
  from space 17408K, 0% used [0x000000078a100000,0x000000078a100000,0x000000078b200000)
  to   space 23552K, 0% used [0x0000000788a00000,0x0000000788a00000,0x000000078a100000)
 ParOldGen       total 133120K, used 22940K [0x00000006c0000000, 0x00000006c8200000, 0x000000076ab00000)
  object space 133120K, 17% used [0x00000006c0000000,0x00000006c1667340,0x00000006c8200000)
 Metaspace       used 53765K, capacity 54229K, committed 54656K, reserved 1097728K
  class space    used 5586K, capacity 5758K, committed 5760K, reserved 1048576K
Event: 49.499 GC heap after
Heap after GC invocations=9 (full 2):
 PSYoungGen      total 514048K, used 16944K [0x000000076ab00000, 0x000000079be80000, 0x00000007c0000000)
  eden space 490496K, 0% used [0x000000076ab00000,0x000000076ab00000,0x0000000788a00000)
  from space 23552K, 71% used [0x0000000788a00000,0x0000000789a8c170,0x000000078a100000)
  to   space 25088K, 0% used [0x000000079a600000,0x000000079a600000,0x000000079be80000)
 ParOldGen       total 133120K, used 22948K [0x00000006c0000000, 0x00000006c8200000, 0x000000076ab00000)
  object space 133120K, 17% used [0x00000006c0000000,0x00000006c1669340,0x00000006c8200000)
 Metaspace       used 53765K, capacity 54229K, committed 54656K, reserved 1097728K
  class space    used 5586K, capacity 5758K, committed 5760K, reserved 1048576K
}
Event: 52.424 GC heap before
{Heap before GC invocations=10 (full 2):
 PSYoungGen      total 514048K, used 262049K [0x000000076ab00000, 0x000000079be80000, 0x00000007c0000000)
  eden space 490496K, 49% used [0x000000076ab00000,0x0000000779a5c3a0,0x0000000788a00000)
  from space 23552K, 71% used [0x0000000788a00000,0x0000000789a8c170,0x000000078a100000)
  to   space 25088K, 0% used [0x000000079a600000,0x000000079a600000,0x000000079be80000)
 ParOldGen       total 133120K, used 22948K [0x00000006c0000000, 0x00000006c8200000, 0x000000076ab00000)
  object space 133120K, 17% used [0x00000006c0000000,0x00000006c1669340,0x00000006c8200000)
 Metaspace       used 58276K, capacity 58723K, committed 59136K, reserved 1101824K
  class space    used 6165K, capacity 6313K, committed 6400K, reserved 1048576K
Event: 52.443 GC heap after
Heap after GC invocations=10 (full 2):
 PSYoungGen      total 756736K, used 15507K [0x000000076ab00000, 0x000000079b580000, 0x00000007c0000000)
  eden space 740864K, 0% used [0x000000076ab00000,0x000000076ab00000,0x0000000797e80000)
  from space 15872K, 97% used [0x000000079a600000,0x000000079b524de0,0x000000079b580000)
  to   space 25088K, 0% used [0x0000000798480000,0x0000000798480000,0x0000000799d00000)
 ParOldGen       total 133120K, used 22956K [0x00000006c0000000, 0x00000006c8200000, 0x000000076ab00000)
  object space 133120K, 17% used [0x00000006c0000000,0x00000006c166b340,0x00000006c8200000)
 Metaspace       used 58276K, capacity 58723K, committed 59136K, reserved 1101824K
  class space    used 6165K, capacity 6313K, committed 6400K, reserved 1048576K
}
Event: 52.443 GC heap before
{Heap before GC invocations=11 (full 3):
 PSYoungGen      total 756736K, used 15507K [0x000000076ab00000, 0x000000079b580000, 0x00000007c0000000)
  eden space 740864K, 0% used [0x000000076ab00000,0x000000076ab00000,0x0000000797e80000)
  from space 15872K, 97% used [0x000000079a600000,0x000000079b524de0,0x000000079b580000)
  to   space 25088K, 0% used [0x0000000798480000,0x0000000798480000,0x0000000799d00000)
 ParOldGen       total 133120K, used 22956K [0x00000006c0000000, 0x00000006c8200000, 0x000000076ab00000)
  object space 133120K, 17% used [0x00000006c0000000,0x00000006c166b340,0x00000006c8200000)
 Metaspace       used 58276K, capacity 58723K, committed 59136K, reserved 1101824K
  class space    used 6165K, capacity 6313K, committed 6400K, reserved 1048576K
Event: 52.676 GC heap after
Heap after GC invocations=11 (full 3):
 PSYoungGen      total 756736K, used 0K [0x000000076ab00000, 0x000000079b580000, 0x00000007c0000000)
  eden space 740864K, 0% used [0x000000076ab00000,0x000000076ab00000,0x0000000797e80000)
  from space 15872K, 0% used [0x000000079a600000,0x000000079a600000,0x000000079b580000)
  to   space 25088K, 0% used [0x0000000798480000,0x0000000798480000,0x0000000799d00000)
 ParOldGen       total 180224K, used 34039K [0x00000006c0000000, 0x00000006cb000000, 0x000000076ab00000)
  object space 180224K, 18% used [0x00000006c0000000,0x00000006c213de98,0x00000006cb000000)
 Metaspace       used 58276K, capacity 58723K, committed 59136K, reserved 1101824K
  class space    used 6165K, capacity 6313K, committed 6400K, reserved 1048576K
}
Event: 116.114 GC heap before
{Heap before GC invocations=12 (full 3):
 PSYoungGen      total 756736K, used 740864K [0x000000076ab00000, 0x000000079b580000, 0x00000007c0000000)
  eden space 740864K, 100% used [0x000000076ab00000,0x0000000797e80000,0x0000000797e80000)
  from space 15872K, 0% used [0x000000079a600000,0x000000079a600000,0x000000079b580000)
  to   space 25088K, 0% used [0x0000000798480000,0x0000000798480000,0x0000000799d00000)
 ParOldGen       total 180224K, used 34039K [0x00000006c0000000, 0x00000006cb000000, 0x000000076ab00000)
  object space 180224K, 18% used [0x00000006c0000000,0x00000006c213de98,0x00000006cb000000)
 Metaspace       used 78111K, capacity 78933K, committed 79232K, reserved 1120256K
  class space    used 8606K, capacity 8818K, committed 8832K, reserved 1048576K
Event: 116.141 GC heap after
Heap after GC invocations=12 (full 3):
 PSYoungGen      total 772096K, used 21421K [0x000000076ab00000, 0x00000007a5280000, 0x00000007c0000000)
  eden space 747008K, 0% used [0x000000076ab00000,0x000000076ab00000,0x0000000798480000)
  from space 25088K, 85% used [0x0000000798480000,0x000000079996b510,0x0000000799d00000)
  to   space 27136K, 0% used [0x00000007a3800000,0x00000007a3800000,0x00000007a5280000)
 ParOldGen       total 180224K, used 34047K [0x00000006c0000000, 0x00000006cb000000, 0x000000076ab00000)
  object space 180224K, 18% used [0x00000006c0000000,0x00000006c213fe98,0x00000006cb000000)
 Metaspace       used 78111K, capacity 78933K, committed 79232K, reserved 1120256K
  class space    used 8606K, capacity 8818K, committed 8832K, reserved 1048576K
}

